This is pdfTeX, Version 3.141592653-2.6-1.40.22 (TeX Live 2021/Arch Linux) (preloaded format=pdflatex 2021.5.25)  24 OCT 2021 15:50
entering extended mode
 restricted \write18 enabled.
 file:line:error style messages enabled.
 %&-line parsing enabled.
**rapport.tex
(./rapport.tex
LaTeX2e <2020-10-01> patch level 4
L3 programming layer <2021-02-18> (/usr/share/texmf-dist/tex/latex/base/article.cls
Document Class: article 2020/04/10 v1.4m Standard LaTeX document class
(/usr/share/texmf-dist/tex/latex/base/size12.clo
File: size12.clo 2020/04/10 v1.4m Standard LaTeX file (size option)
)
\c@part=\count179
\c@section=\count180
\c@subsection=\count181
\c@subsubsection=\count182
\c@paragraph=\count183
\c@subparagraph=\count184
\c@figure=\count185
\c@table=\count186
\abovecaptionskip=\skip47
\belowcaptionskip=\skip48
\bibindent=\dimen138
) (/home/samy/Notes/cours/DATASIM_TP/packages/preamble.sty (/usr/share/texmf-dist/tex/latex/geometry/geometry.sty
Package: geometry 2020/01/02 v5.9 Page Geometry
 (/usr/share/texmf-dist/tex/latex/graphics/keyval.sty
Package: keyval 2014/10/28 v1.15 key=value parser (DPC)
\KV@toks@=\toks15
) (/usr/share/texmf-dist/tex/generic/iftex/ifvtex.sty
Package: ifvtex 2019/10/25 v1.7 ifvtex legacy package. Use iftex instead.
 (/usr/share/texmf-dist/tex/generic/iftex/iftex.sty
Package: iftex 2020/03/06 v1.0d TeX engine tests
))
\Gm@cnth=\count187
\Gm@cntv=\count188
\c@Gm@tempcnt=\count189
\Gm@bindingoffset=\dimen139
\Gm@wd@mp=\dimen140
\Gm@odd@mp=\dimen141
\Gm@even@mp=\dimen142
\Gm@layoutwidth=\dimen143
\Gm@layoutheight=\dimen144
\Gm@layouthoffset=\dimen145
\Gm@layoutvoffset=\dimen146
\Gm@dimlist=\toks16
) (/usr/share/texmf-dist/tex/latex/base/fontenc.sty
Package: fontenc 2020/08/10 v2.0s Standard LaTeX package
) (/usr/share/texmf-dist/tex/latex/base/inputenc.sty
Package: inputenc 2020/08/01 v1.3d Input encoding file
\inpenc@prehook=\toks17
\inpenc@posthook=\toks18
) (/usr/share/texmf-dist/tex/latex/graphics/graphicx.sty
Package: graphicx 2020/09/09 v1.2b Enhanced LaTeX Graphics (DPC,SPQR)
 (/usr/share/texmf-dist/tex/latex/graphics/graphics.sty
Package: graphics 2020/08/30 v1.4c Standard LaTeX Graphics (DPC,SPQR)
 (/usr/share/texmf-dist/tex/latex/graphics/trig.sty
Package: trig 2016/01/03 v1.10 sin cos tan (DPC)
) (/usr/share/texmf-dist/tex/latex/graphics-cfg/graphics.cfg
File: graphics.cfg 2016/06/04 v1.11 sample graphics configuration
)
Package graphics Info: Driver file: pdftex.def on input line 105.
 (/usr/share/texmf-dist/tex/latex/graphics-def/pdftex.def
File: pdftex.def 2020/10/05 v1.2a Graphics/color driver for pdftex
))
\Gin@req@height=\dimen147
\Gin@req@width=\dimen148
) (/usr/share/texmf-dist/tex/generic/babel/babel.sty
Package: babel 2021/03/24 3.56 The Babel package
 (/usr/share/texmf-dist/tex/generic/babel/babel.def
File: babel.def 2021/03/24 3.56 Babel common definitions
\babel@savecnt=\count190
\U@D=\dimen149
\l@babelnohyphens=\language87
 (/usr/share/texmf-dist/tex/generic/babel/txtbabel.def)
\bbl@readstream=\read2
)
\bbl@dirlevel=\count191
 (/usr/share/texmf-dist/tex/generic/babel-french/french.ldf
Language: french 2020/10/10 v3.5l French support from the babel system
Package babel Info: \l@acadian = using hyphenrules for french
(babel)             (\language29) on input line 91.
Package babel Info: \l@canadien = using hyphenrules for french
(babel)             (\language29) on input line 92.
\FB@nonchar=\count192
Package babel Info: Making : an active character on input line 430.
Package babel Info: Making ; an active character on input line 431.
Package babel Info: Making ! an active character on input line 432.
Package babel Info: Making ? an active character on input line 433.
\FBguill@level=\count193
\FBold@everypar=\toks19
\FB@Mht=\dimen150
\mc@charclass=\count194
\mc@charfam=\count195
\mc@charslot=\count196
\std@mcc=\count197
\dec@mcc=\count198
\listindentFB=\dimen151
\descindentFB=\dimen152
\labelindentFB=\dimen153
\labelwidthFB=\dimen154
\leftmarginFB=\dimen155
\parindentFFN=\dimen156
\FBfnindent=\dimen157
)) (/usr/share/texmf-dist/tex/latex/carlisle/scalefnt.sty)
/home/samy/Notes/cours/DATASIM_TP/packages/preamble.sty:6: Undefined control sequence.
<recently read> \restoreparindent 
                                  
l.6 \restoreparindent
                     
The control sequence at the end of the top line
of your error message was never \def'ed. If you have
misspelled it (e.g., `\hobx'), type `I' and the correct
spelling (e.g., `I\hbox'). Otherwise just continue,
and I'll forget about whatever was undefined.

(/usr/share/texmf-dist/tex/latex/xcolor/xcolor.sty
Package: xcolor 2016/05/11 v2.12 LaTeX color extensions (UK)
 (/usr/share/texmf-dist/tex/latex/graphics-cfg/color.cfg
File: color.cfg 2016/01/02 v1.6 sample color configuration
)
Package xcolor Info: Driver file: pdftex.def on input line 225.
Package xcolor Info: Model `cmy' substituted by `cmy0' on input line 1348.
Package xcolor Info: Model `hsb' substituted by `rgb' on input line 1352.
Package xcolor Info: Model `RGB' extended on input line 1364.
Package xcolor Info: Model `HTML' substituted by `rgb' on input line 1366.
Package xcolor Info: Model `Hsb' substituted by `hsb' on input line 1367.
Package xcolor Info: Model `tHsb' substituted by `hsb' on input line 1368.
Package xcolor Info: Model `HSB' substituted by `hsb' on input line 1369.
Package xcolor Info: Model `Gray' substituted by `gray' on input line 1370.
Package xcolor Info: Model `wave' substituted by `hsb' on input line 1371.
) (/usr/share/texmf-dist/tex/latex/listings/listings.sty
\lst@mode=\count199
\lst@gtempboxa=\box47
\lst@token=\toks20
\lst@length=\count266
\lst@currlwidth=\dimen158
\lst@column=\count267
\lst@pos=\count268
\lst@lostspace=\dimen159
\lst@width=\dimen160
\lst@newlines=\count269
\lst@lineno=\count270
\lst@maxwidth=\dimen161
 (/usr/share/texmf-dist/tex/latex/listings/lstmisc.sty
File: lstmisc.sty 2020/03/24 1.8d (Carsten Heinz)
\c@lstnumber=\count271
\lst@skipnumbers=\count272
\lst@framebox=\box48
) (/usr/share/texmf-dist/tex/latex/listings/listings.cfg
File: listings.cfg 2020/03/24 1.8d listings configuration
))
Package: listings 2020/03/24 1.8d (Carsten Heinz)
 (/usr/share/texmf-dist/tex/latex/enumitem/enumitem.sty
Package: enumitem 2019/06/20 v3.9 Customized lists
\labelindent=\skip49
\enit@outerparindent=\dimen162
\enit@toks=\toks21
\enit@inbox=\box49
\enit@count@id=\count273
\enitdp@description=\count274
) (/usr/share/texmf-dist/tex/latex/float/float.sty
Package: float 2001/11/08 v1.3d Float enhancements (AL)
\c@float@type=\count275
\float@exts=\toks22
\float@box=\box50
\@float@everytoks=\toks23
\@floatcapt=\box51
) (/usr/share/texmf-dist/tex/latex/appendix/appendix.sty
Package: appendix 2020/02/08 v1.2c extra appendix facilities
\c@@pps=\count276
\c@@ppsavesec=\count277
\c@@ppsaveapp=\count278
) (/usr/share/texmf-dist/tex/latex/parskip/parskip.sty
Package: parskip 2021-03-14 v2.0h non-zero parskip adjustments
 (/usr/share/texmf-dist/tex/latex/kvoptions/kvoptions.sty
Package: kvoptions 2020-10-07 v3.14 Key value format for package options (HO)
 (/usr/share/texmf-dist/tex/generic/ltxcmds/ltxcmds.sty
Package: ltxcmds 2020-05-10 v1.25 LaTeX kernel commands for general use (HO)
) (/usr/share/texmf-dist/tex/generic/kvsetkeys/kvsetkeys.sty
Package: kvsetkeys 2019/12/15 v1.18 Key value parser (HO)
)) (/usr/share/texmf-dist/tex/latex/etoolbox/etoolbox.sty
Package: etoolbox 2020/10/05 v2.5k e-TeX tools for LaTeX (JAW)
\etb@tempcnta=\count279
)) (/usr/share/texmf-dist/tex/latex/tools/tabularx.sty
Package: tabularx 2020/01/15 v2.11c `tabularx' package (DPC)
 (/usr/share/texmf-dist/tex/latex/tools/array.sty
Package: array 2020/10/01 v2.5c Tabular extension package (FMi)
\col@sep=\dimen163
\ar@mcellbox=\box52
\extrarowheight=\dimen164
\NC@list=\toks24
\extratabsurround=\skip50
\backup@length=\skip51
\ar@cellbox=\box53
)
\TX@col@width=\dimen165
\TX@old@table=\dimen166
\TX@old@col=\dimen167
\TX@target=\dimen168
\TX@delta=\dimen169
\TX@cols=\count280
\TX@ftn=\toks25
) (/usr/share/texmf-dist/tex/latex/listings/lstlang1.sty
File: lstlang1.sty 2020/03/24 1.8d listings language file
)) (/usr/share/texmf-dist/tex/latex/l3backend/l3backend-pdftex.def
File: l3backend-pdftex.def 2021-03-18 L3 backend support: PDF output (pdfTeX)
\l__color_backend_stack_int=\count281
\l__pdf_internal_box=\box54
) (./rapport.aux)
\openout1 = `rapport.aux'.

LaTeX Font Info:    Checking defaults for OML/cmm/m/it on input line 9.
LaTeX Font Info:    ... okay on input line 9.
LaTeX Font Info:    Checking defaults for OMS/cmsy/m/n on input line 9.
LaTeX Font Info:    ... okay on input line 9.
LaTeX Font Info:    Checking defaults for OT1/cmr/m/n on input line 9.
LaTeX Font Info:    ... okay on input line 9.
LaTeX Font Info:    Checking defaults for T1/cmr/m/n on input line 9.
LaTeX Font Info:    ... okay on input line 9.
LaTeX Font Info:    Checking defaults for TS1/cmr/m/n on input line 9.
LaTeX Font Info:    ... okay on input line 9.
LaTeX Font Info:    Checking defaults for OMX/cmex/m/n on input line 9.
LaTeX Font Info:    ... okay on input line 9.
LaTeX Font Info:    Checking defaults for U/cmr/m/n on input line 9.
LaTeX Font Info:    ... okay on input line 9.

*geometry* driver: auto-detecting
*geometry* detected driver: pdftex
*geometry* verbose mode - [ preamble ] result:
* driver: pdftex
* paper: a4paper
* layout: <same size as paper>
* layoutoffset:(h,v)=(0.0pt,0.0pt)
* modes: 
* h-part:(L,W,R)=(44.81126pt, 507.88533pt, 44.81128pt)
* v-part:(T,H,B)=(50.70074pt, 718.29497pt, 76.05113pt)
* \paperwidth=597.50787pt
* \paperheight=845.04684pt
* \textwidth=507.88533pt
* \textheight=718.29497pt
* \oddsidemargin=-27.45872pt
* \evensidemargin=-27.45872pt
* \topmargin=-58.56924pt
* \headheight=12.0pt
* \headsep=25.0pt
* \topskip=12.0pt
* \footskip=30.0pt
* \marginparwidth=35.0pt
* \marginparsep=10.0pt
* \columnsep=10.0pt
* \skip\footins=10.8pt plus 4.0pt minus 2.0pt
* \hoffset=0.0pt
* \voffset=0.0pt
* \mag=1000
* \@twocolumnfalse
* \@twosidefalse
* \@mparswitchfalse
* \@reversemarginfalse
* (1in=72.27pt=25.4mm, 1cm=28.453pt)

(/usr/share/texmf-dist/tex/context/base/mkii/supp-pdf.mkii
[Loading MPS to PDF converter (version 2006.09.02).]
\scratchcounter=\count282
\scratchdimen=\dimen170
\scratchbox=\box55
\nofMPsegments=\count283
\nofMParguments=\count284
\everyMPshowfont=\toks26
\MPscratchCnt=\count285
\MPscratchDim=\dimen171
\MPnumerator=\count286
\makeMPintoPDFobject=\count287
\everyMPtoPDFconversion=\toks27
) (/usr/share/texmf-dist/tex/latex/epstopdf-pkg/epstopdf-base.sty
Package: epstopdf-base 2020-01-24 v2.11 Base part for package epstopdf
Package epstopdf-base Info: Redefining graphics rule for `.eps' on input line 485.
 (/usr/share/texmf-dist/tex/latex/latexconfig/epstopdf-sys.cfg
File: epstopdf-sys.cfg 2010/07/13 v1.3 Configuration of (r)epstopdf for TeX Live
))
LaTeX Info: Redefining \degres on input line 9.
LaTeX Info: Redefining \dots on input line 9.
Package french.ldf Info: Setting StandardItemizeEnv=true for
(french.ldf)             compatibility with enumitem package,
(french.ldf)             reported on input line 9.
Package french.ldf Info: Setting StandardEnumerateEnv=true for
(french.ldf)             compatibility with enumitem package,
(french.ldf)             reported on input line 9.
LaTeX Info: Redefining \up on input line 9.
\c@lstlisting=\count288
LaTeX Font Info:    External font `cmex10' loaded for size
(Font)              <14.4> on input line 11.
LaTeX Font Info:    External font `cmex10' loaded for size
(Font)              <7> on input line 11.
 [1

{/var/lib/texmf/fonts/map/pdftex/updmap/pdftex.map}]
LaTeX Font Info:    Trying to load font information for T1+cmtt on input line 16.
 (/usr/share/texmf-dist/tex/latex/base/t1cmtt.fd
File: t1cmtt.fd 2019/12/16 v2.5j Standard LaTeX font definitions
)
LaTeX Font Info:    External font `cmex10' loaded for size
(Font)              <12> on input line 26.
LaTeX Font Info:    External font `cmex10' loaded for size
(Font)              <8> on input line 26.
LaTeX Font Info:    External font `cmex10' loaded for size
(Font)              <6> on input line 26.
<images//ex1_1.png, id=8, 1557.82pt x 100.375pt>
File: images//ex1_1.png Graphic file (type png)
<use images//ex1_1.png>
Package pdftex.def Info: images//ex1_1.png  used on input line 47.
(pdftex.def)             Requested size: 507.88533pt x 32.72409pt.
<images//ex1_2.png, id=10, 3894.55pt x 2004.48875pt>
File: images//ex1_2.png Graphic file (type png)
<use images//ex1_2.png>
Package pdftex.def Info: images//ex1_2.png  used on input line 56.
(pdftex.def)             Requested size: 507.88533pt x 261.38792pt.
<images//ex1_3.png, id=11, 1570.86874pt x 99.37125pt>
File: images//ex1_3.png Graphic file (type png)
<use images//ex1_3.png>
Package pdftex.def Info: images//ex1_3.png  used on input line 67.
(pdftex.def)             Requested size: 507.88533pt x 32.12848pt.
 [1 <./images//ex1_1.png> <./images//ex1_2.png (PNG copy)>]
<images//ex1_4.png, id=28, 3894.55pt x 2004.48875pt>
File: images//ex1_4.png Graphic file (type png)
<use images//ex1_4.png>
Package pdftex.def Info: images//ex1_4.png  used on input line 73.
(pdftex.def)             Requested size: 507.88533pt x 261.38792pt.
<images//ex1_5.png, id=29, 1562.83875pt x 102.3825pt>
File: images//ex1_5.png Graphic file (type png)
<use images//ex1_5.png>
Package pdftex.def Info: images//ex1_5.png  used on input line 79.
(pdftex.def)             Requested size: 507.88533pt x 33.27078pt.
<images//ex1_6.png, id=30, 3894.55pt x 2004.48875pt>
File: images//ex1_6.png Graphic file (type png)
<use images//ex1_6.png>
Package pdftex.def Info: images//ex1_6.png  used on input line 85.
(pdftex.def)             Requested size: 507.88533pt x 261.38792pt.
 [2 <./images//ex1_3.png> <./images//ex1_4.png (PNG copy)> <./images//ex1_5.png>]
./rapport.tex:96: Missing } inserted.
<inserted text> 
                }
l.96     \end{enumerate}
                        
I've inserted something that you may have forgotten.
(See the <inserted text> above.)
With luck, this will get me unwedged. But if you
really didn't forget anything, try typing `2' now; then
my insertion and my current dilemma will both disappear.

<images//ex2_1_bis.png, id=36, 3894.55pt x 2004.48875pt>
File: images//ex2_1_bis.png Graphic file (type png)
<use images//ex2_1_bis.png>
Package pdftex.def Info: images//ex2_1_bis.png  used on input line 110.
(pdftex.def)             Requested size: 507.88533pt x 261.38792pt.
[3 <./images//ex1_6.png (PNG copy)>]
<images//ex2_1.png, id=41, 2989.1675pt x 1495.5875pt>
File: images//ex2_1.png Graphic file (type png)
<use images//ex2_1.png>
Package pdftex.def Info: images//ex2_1.png  used on input line 116.
(pdftex.def)             Requested size: 507.88533pt x 254.10959pt.
<images//ex2_2_bis.png, id=42, 3894.55pt x 2004.48875pt>
File: images//ex2_2_bis.png Graphic file (type png)
<use images//ex2_2_bis.png>
Package pdftex.def Info: images//ex2_2_bis.png  used on input line 126.
(pdftex.def)             Requested size: 507.88533pt x 261.38792pt.
 [4 <./images//ex2_1_bis.png (PNG copy)> <./images//ex2_1.png (PNG copy)>]
<images//ex2_2.png, id=46, 2989.1675pt x 1495.5875pt>
File: images//ex2_2.png Graphic file (type png)
<use images//ex2_2.png>
Package pdftex.def Info: images//ex2_2.png  used on input line 132.
(pdftex.def)             Requested size: 507.88533pt x 254.10959pt.
<images//ex2_3.png, id=47, 2989.1675pt x 1495.5875pt>
File: images//ex2_3.png Graphic file (type png)
<use images//ex2_3.png>
Package pdftex.def Info: images//ex2_3.png  used on input line 151.
(pdftex.def)             Requested size: 507.88533pt x 254.10959pt.
 [5 <./images//ex2_2_bis.png (PNG copy)> <./images//ex2_2.png (PNG copy)>]
<images//ex2_4_bis.png, id=52, 3894.55pt x 2004.48875pt>
File: images//ex2_4_bis.png Graphic file (type png)
<use images//ex2_4_bis.png>
Package pdftex.def Info: images//ex2_4_bis.png  used on input line 165.
(pdftex.def)             Requested size: 507.88533pt x 261.38792pt.
<images//ex2_5_bis.png, id=53, 3894.55pt x 2004.48875pt>
File: images//ex2_5_bis.png Graphic file (type png)
<use images//ex2_5_bis.png>
Package pdftex.def Info: images//ex2_5_bis.png  used on input line 171.
(pdftex.def)             Requested size: 507.88533pt x 261.38792pt.
 [6 <./images//ex2_3.png (PNG copy)> <./images//ex2_4_bis.png (PNG copy)>]
<images//ex2_4.png, id=58, 2989.1675pt x 1495.5875pt>
File: images//ex2_4.png Graphic file (type png)
<use images//ex2_4.png>
Package pdftex.def Info: images//ex2_4.png  used on input line 177.
(pdftex.def)             Requested size: 507.88533pt x 254.10959pt.
<images//ex2_5.png, id=59, 2989.1675pt x 1495.5875pt>
File: images//ex2_5.png Graphic file (type png)
<use images//ex2_5.png>
Package pdftex.def Info: images//ex2_5.png  used on input line 183.
(pdftex.def)             Requested size: 507.88533pt x 254.10959pt.
 [7 <./images//ex2_5_bis.png (PNG copy)> <./images//ex2_4.png (PNG copy)>]
<images//ex2_6.png, id=63, 2989.1675pt x 1495.5875pt>
File: images//ex2_6.png Graphic file (type png)
<use images//ex2_6.png>
Package pdftex.def Info: images//ex2_6.png  used on input line 196.
(pdftex.def)             Requested size: 507.88533pt x 254.10959pt.
<images//ex2_7.png, id=64, 2989.1675pt x 1495.5875pt>
File: images//ex2_7.png Graphic file (type png)
<use images//ex2_7.png>
Package pdftex.def Info: images//ex2_7.png  used on input line 202.
(pdftex.def)             Requested size: 507.88533pt x 254.10959pt.
 [8 <./images//ex2_5.png (PNG copy)> <./images//ex2_6.png (PNG copy)>]
<images//ex2_6bis.png, id=68, 2989.1675pt x 1495.5875pt>
File: images//ex2_6bis.png Graphic file (type png)
<use images//ex2_6bis.png>
Package pdftex.def Info: images//ex2_6bis.png  used on input line 215.
(pdftex.def)             Requested size: 507.88533pt x 254.10959pt.
<images//ex2_7bis.png, id=69, 2989.1675pt x 1495.5875pt>
File: images//ex2_7bis.png Graphic file (type png)
<use images//ex2_7bis.png>
Package pdftex.def Info: images//ex2_7bis.png  used on input line 221.
(pdftex.def)             Requested size: 507.88533pt x 254.10959pt.
 [9 <./images//ex2_7.png (PNG copy)> <./images//ex2_6bis.png (PNG copy)>]
<images//ex3_1.png, id=73, 2989.1675pt x 1495.5875pt>
File: images//ex3_1.png Graphic file (type png)
<use images//ex3_1.png>
Package pdftex.def Info: images//ex3_1.png  used on input line 248.
(pdftex.def)             Requested size: 507.88533pt x 254.10959pt.
 [10 <./images//ex2_7bis.png (PNG copy)> <./images//ex3_1.png (PNG copy)>]
<images//ex3_2.png, id=77, 2989.1675pt x 1495.5875pt>
File: images//ex3_2.png Graphic file (type png)
<use images//ex3_2.png>
Package pdftex.def Info: images//ex3_2.png  used on input line 259.
(pdftex.def)             Requested size: 507.88533pt x 254.10959pt.
<images//ex3_3.png, id=78, 2989.1675pt x 1495.5875pt>
File: images//ex3_3.png Graphic file (type png)
<use images//ex3_3.png>
Package pdftex.def Info: images//ex3_3.png  used on input line 269.
(pdftex.def)             Requested size: 507.88533pt x 254.10959pt.
<images//ex3_4.png, id=79, 2989.1675pt x 1495.5875pt>
File: images//ex3_4.png Graphic file (type png)
<use images//ex3_4.png>
Package pdftex.def Info: images//ex3_4.png  used on input line 275.
(pdftex.def)             Requested size: 507.88533pt x 254.10959pt.
 [11 <./images//ex3_2.png (PNG copy)> <./images//ex3_3.png (PNG copy)>]
<images//ex3_5.png, id=83, 3894.55pt x 2004.48875pt>
File: images//ex3_5.png Graphic file (type png)
<use images//ex3_5.png>
Package pdftex.def Info: images//ex3_5.png  used on input line 293.
(pdftex.def)             Requested size: 507.88533pt x 261.38792pt.
<images//ex3_6.png, id=84, 3894.55pt x 2004.48875pt>
File: images//ex3_6.png Graphic file (type png)
<use images//ex3_6.png>
Package pdftex.def Info: images//ex3_6.png  used on input line 299.
(pdftex.def)             Requested size: 507.88533pt x 261.38792pt.
 [12 <./images//ex3_4.png (PNG copy)> <./images//ex3_5.png (PNG copy)>]
<images//ex3_7.png, id=89, 3894.55pt x 2004.48875pt>
File: images//ex3_7.png Graphic file (type png)
<use images//ex3_7.png>
Package pdftex.def Info: images//ex3_7.png  used on input line 305.
(pdftex.def)             Requested size: 507.88533pt x 261.38792pt.
<images//ex3_8.png, id=90, 3894.55pt x 2004.48875pt>
File: images//ex3_8.png Graphic file (type png)
<use images//ex3_8.png>
Package pdftex.def Info: images//ex3_8.png  used on input line 319.
(pdftex.def)             Requested size: 507.88533pt x 261.38792pt.
 [13 <./images//ex3_6.png (PNG copy)> <./images//ex3_7.png (PNG copy)>]
<images//ex3_9.png, id=94, 3894.55pt x 2004.48875pt>
File: images//ex3_9.png Graphic file (type png)
<use images//ex3_9.png>
Package pdftex.def Info: images//ex3_9.png  used on input line 325.
(pdftex.def)             Requested size: 507.88533pt x 261.38792pt.
<images//ex3_10.png, id=95, 3894.55pt x 2004.48875pt>
File: images//ex3_10.png Graphic file (type png)
<use images//ex3_10.png>
Package pdftex.def Info: images//ex3_10.png  used on input line 331.
(pdftex.def)             Requested size: 507.88533pt x 261.38792pt.
 [14 <./images//ex3_8.png (PNG copy)> <./images//ex3_9.png (PNG copy)>]
./rapport.tex:343: Missing } inserted.
<inserted text> 
                }
l.343         \end{enumerate}
                             
I've inserted something that you may have forgotten.
(See the <inserted text> above.)
With luck, this will get me unwedged. But if you
really didn't forget anything, try typing `2' now; then
my insertion and my current dilemma will both disappear.

./rapport.tex:354: Undefined control sequence.
\enit@endenumerate ->\enit@after 
                                 \endlist \ifx \enit@series \relax \else \if...
l.354 \end{enumerate}
                     
The control sequence at the end of the top line
of your error message was never \def'ed. If you have
misspelled it (e.g., `\hobx'), type `I' and the correct
spelling (e.g., `I\hbox'). Otherwise just continue,
and I'll forget about whatever was undefined.

./rapport.tex:354: Undefined control sequence.
\enit@endenumerate ...\else \ifnum \enit@resuming 
                                                  =\@ne \enit@setresumekeys ...
l.354 \end{enumerate}
                     
The control sequence at the end of the top line
of your error message was never \def'ed. If you have
misspelled it (e.g., `\hobx'), type `I' and the correct
spelling (e.g., `I\hbox'). Otherwise just continue,
and I'll forget about whatever was undefined.

./rapport.tex:354: Missing number, treated as zero.
<to be read again> 
                   =
l.354 \end{enumerate}
                     
A number should have been here; I inserted `0'.
(If you can't figure out why I needed to see a number,
look up `weird error' in the index to The TeXbook.)

./rapport.tex:354: Undefined control sequence.
\enit@setresumekeys ...xpandafter {\enit@savekeys 
                                                  }\xdef \enit@afterlist {#2...
l.354 \end{enumerate}
                     
The control sequence at the end of the top line
of your error message was never \def'ed. If you have
misspelled it (e.g., `\hobx'), type `I' and the correct
spelling (e.g., `I\hbox'). Otherwise just continue,
and I'll forget about whatever was undefined.

./rapport.tex:354: Undefined control sequence.
\enit@setresumekeys ...it@toks }\ifnum \enit@type 
                                                  =\z@ #3\def \enit@noexcs {...
l.354 \end{enumerate}
                     
The control sequence at the end of the top line
of your error message was never \def'ed. If you have
misspelled it (e.g., `\hobx'), type `I' and the correct
spelling (e.g., `I\hbox'). Otherwise just continue,
and I'll forget about whatever was undefined.

./rapport.tex:354: Missing number, treated as zero.
<to be read again> 
                   =
l.354 \end{enumerate}
                     
A number should have been here; I inserted `0'.
(If you can't figure out why I needed to see a number,
look up `weird error' in the index to The TeXbook.)

./rapport.tex:354: Undefined control sequence.
<argument> enit@resume@series@\enit@series 
                                           
l.354 \end{enumerate}
                     
The control sequence at the end of the top line
of your error message was never \def'ed. If you have
misspelled it (e.g., `\hobx'), type `I' and the correct
spelling (e.g., `I\hbox'). Otherwise just continue,
and I'll forget about whatever was undefined.

./rapport.tex:354: Undefined control sequence.
\enit@setresumekeys ...me@#1}{\csname c@\@listctr 
                                                  \endcsname \the \csname c@...
l.354 \end{enumerate}
                     
The control sequence at the end of the top line
of your error message was never \def'ed. If you have
misspelled it (e.g., `\hobx'), type `I' and the correct
spelling (e.g., `I\hbox'). Otherwise just continue,
and I'll forget about whatever was undefined.

./rapport.tex:354: Undefined control sequence.
\enit@setresumekeys ...e \the \csname c@\@listctr 
                                                  \endcsname }\fi }
l.354 \end{enumerate}
                     
The control sequence at the end of the top line
of your error message was never \def'ed. If you have
misspelled it (e.g., `\hobx'), type `I' and the correct
spelling (e.g., `I\hbox'). Otherwise just continue,
and I'll forget about whatever was undefined.

./rapport.tex:354: You can't use `\relax' after \the.
<recently read> \c@ 
                    
l.354 \end{enumerate}
                     
I'm forgetting what you said and using zero instead.

./rapport.tex:354: Undefined control sequence.
\enit@endenumerate ...t \fi \ifnum \enit@resuming 
                                                  =\thr@@ \enit@setresumekey...
l.354 \end{enumerate}
                     
The control sequence at the end of the top line
of your error message was never \def'ed. If you have
misspelled it (e.g., `\hobx'), type `I' and the correct
spelling (e.g., `I\hbox'). Otherwise just continue,
and I'll forget about whatever was undefined.

./rapport.tex:354: Missing number, treated as zero.
<to be read again> 
                   =
l.354 \end{enumerate}
                     
A number should have been here; I inserted `0'.
(If you can't figure out why I needed to see a number,
look up `weird error' in the index to The TeXbook.)

./rapport.tex:354: Undefined control sequence.
\enit@setresumekeys ...xpandafter {\enit@savekeys 
                                                  }\xdef \enit@afterlist {#2...
l.354 \end{enumerate}
                     
The control sequence at the end of the top line
of your error message was never \def'ed. If you have
misspelled it (e.g., `\hobx'), type `I' and the correct
spelling (e.g., `I\hbox'). Otherwise just continue,
and I'll forget about whatever was undefined.

./rapport.tex:354: Undefined control sequence.
\enit@setresumekeys ...it@toks }\ifnum \enit@type 
                                                  =\z@ #3\def \enit@noexcs {...
l.354 \end{enumerate}
                     
The control sequence at the end of the top line
of your error message was never \def'ed. If you have
misspelled it (e.g., `\hobx'), type `I' and the correct
spelling (e.g., `I\hbox'). Otherwise just continue,
and I'll forget about whatever was undefined.

./rapport.tex:354: Missing number, treated as zero.
<to be read again> 
                   =
l.354 \end{enumerate}
                     
A number should have been here; I inserted `0'.
(If you can't figure out why I needed to see a number,
look up `weird error' in the index to The TeXbook.)

./rapport.tex:354: Undefined control sequence.
\enit@setresumekeys ...me@#1}{\csname c@\@listctr 
                                                  \endcsname \the \csname c@...
l.354 \end{enumerate}
                     
The control sequence at the end of the top line
of your error message was never \def'ed. If you have
misspelled it (e.g., `\hobx'), type `I' and the correct
spelling (e.g., `I\hbox'). Otherwise just continue,
and I'll forget about whatever was undefined.

./rapport.tex:354: Undefined control sequence.
\enit@setresumekeys ...e \the \csname c@\@listctr 
                                                  \endcsname }\fi }
l.354 \end{enumerate}
                     
The control sequence at the end of the top line
of your error message was never \def'ed. If you have
misspelled it (e.g., `\hobx'), type `I' and the correct
spelling (e.g., `I\hbox'). Otherwise just continue,
and I'll forget about whatever was undefined.

./rapport.tex:354: You can't use `\relax' after \the.
<recently read> \c@ 
                    
l.354 \end{enumerate}
                     
I'm forgetting what you said and using zero instead.


./rapport.tex:354: LaTeX Error: \begin{document} ended by \end{enumerate}.

See the LaTeX manual or LaTeX Companion for explanation.
Type  H <return>  for immediate help.
 ...                                              
                                                  
l.354 \end{enumerate}
                     
Your command was ignored.
Type  I <command> <return>  to replace it with another command,
or  <return>  to continue without it.

./rapport.tex:354: Extra \endgroup.
<recently read> \endgroup 
                          
l.354 \end{enumerate}
                     
Things are pretty mixed up, but I think the worst is over.

[15 <./images//ex3_10.png (PNG copy)>] (./rapport.aux) ) 
Here is how much of TeX's memory you used:
 6815 strings out of 478994
 97297 string characters out of 5864751
 608806 words of memory out of 5000000
 24224 multiletter control sequences out of 15000+600000
 412600 words of font info for 47 fonts, out of 8000000 for 9000
 1141 hyphenation exceptions out of 8191
 83i,6n,88p,518b,424s stack positions out of 5000i,500n,10000p,200000b,80000s
{/usr/share/texmf-dist/fonts/enc/dvips/cm-super/cm-super-t1.enc}</usr/share/texmf-dist/fonts/type1/public/amsfonts/cm/cmex10.pfb></usr/share/texmf-dist/fonts/type1/public/amsfonts/cm/cmmi12.pfb></usr/share/texmf-dist/fonts/type1/public/amsfonts/cm/cmmi6.pfb></usr/share/texmf-dist/fonts/type1/public/amsfonts/cm/cmmi8.pfb></usr/share/texmf-dist/fonts/type1/public/amsfonts/cm/cmr12.pfb></usr/share/texmf-dist/fonts/type1/public/amsfonts/cm/cmr6.pfb></usr/share/texmf-dist/fonts/type1/public/amsfonts/cm/cmr8.pfb></usr/share/texmf-dist/fonts/type1/public/amsfonts/cm/cmsy10.pfb></usr/share/texmf-dist/fonts/type1/public/amsfonts/cm/cmsy8.pfb></usr/share/texmf-dist/fonts/type1/public/cm-super/sfbx1728.pfb></usr/share/texmf-dist/fonts/type1/public/cm-super/sfcc1200.pfb></usr/share/texmf-dist/fonts/type1/public/cm-super/sfrm1200.pfb></usr/share/texmf-dist/fonts/type1/public/cm-super/sfrm1440.pfb></usr/share/texmf-dist/fonts/type1/public/cm-super/sfrm2074.pfb></usr/share/texmf-dist/fonts/type1/public/cm-super/sfti1200.pfb></usr/share/texmf-dist/fonts/type1/public/cm-super/sftt1200.pfb>
Output written on rapport.pdf (16 pages, 5686926 bytes).
PDF statistics:
 154 PDF objects out of 1000 (max. 8388607)
 87 compressed objects within 1 object stream
 0 named destinations out of 1000 (max. 500000)
 146 words of extra memory for PDF output out of 10000 (max. 10000000)

