This is pdfTeX, Version 3.141592653-2.6-1.40.23 (TeX Live 2021/Arch Linux) (preloaded format=pdflatex 2022.1.2)  3 FEB 2022 12:56
entering extended mode
 restricted \write18 enabled.
 %&-line parsing enabled.
**rapport
(./rapport.tex
LaTeX2e <2021-11-15> patch level 1
L3 programming layer <2021-11-22>
(/usr/share/texmf-dist/tex/latex/base/article.cls
Document Class: article 2021/10/04 v1.4n Standard LaTeX document class
(/usr/share/texmf-dist/tex/latex/base/size12.clo
File: size12.clo 2021/10/04 v1.4n Standard LaTeX file (size option)
)
\c@part=\count183
\c@section=\count184
\c@subsection=\count185
\c@subsubsection=\count186
\c@paragraph=\count187
\c@subparagraph=\count188
\c@figure=\count189
\c@table=\count190
\abovecaptionskip=\skip47
\belowcaptionskip=\skip48
\bibindent=\dimen138
)
(/home/samy/Notes/cours/DATASIM_TP/packages/preamble.sty
(/usr/share/texmf-dist/tex/latex/geometry/geometry.sty
Package: geometry 2020/01/02 v5.9 Page Geometry

(/usr/share/texmf-dist/tex/latex/graphics/keyval.sty
Package: keyval 2014/10/28 v1.15 key=value parser (DPC)
\KV@toks@=\toks16
)
(/usr/share/texmf-dist/tex/generic/iftex/ifvtex.sty
Package: ifvtex 2019/10/25 v1.7 ifvtex legacy package. Use iftex instead.

(/usr/share/texmf-dist/tex/generic/iftex/iftex.sty
Package: iftex 2020/03/06 v1.0d TeX engine tests
))
\Gm@cnth=\count191
\Gm@cntv=\count192
\c@Gm@tempcnt=\count193
\Gm@bindingoffset=\dimen139
\Gm@wd@mp=\dimen140
\Gm@odd@mp=\dimen141
\Gm@even@mp=\dimen142
\Gm@layoutwidth=\dimen143
\Gm@layoutheight=\dimen144
\Gm@layouthoffset=\dimen145
\Gm@layoutvoffset=\dimen146
\Gm@dimlist=\toks17
)
(/usr/share/texmf-dist/tex/latex/base/fontenc.sty
Package: fontenc 2021/04/29 v2.0v Standard LaTeX package
)
(/usr/share/texmf-dist/tex/latex/base/inputenc.sty
Package: inputenc 2021/02/14 v1.3d Input encoding file
\inpenc@prehook=\toks18
\inpenc@posthook=\toks19
)
(/usr/share/texmf-dist/tex/latex/graphics/graphicx.sty
Package: graphicx 2021/09/16 v1.2d Enhanced LaTeX Graphics (DPC,SPQR)

(/usr/share/texmf-dist/tex/latex/graphics/graphics.sty
Package: graphics 2021/03/04 v1.4d Standard LaTeX Graphics (DPC,SPQR)

(/usr/share/texmf-dist/tex/latex/graphics/trig.sty
Package: trig 2021/08/11 v1.11 sin cos tan (DPC)
)
(/usr/share/texmf-dist/tex/latex/graphics-cfg/graphics.cfg
File: graphics.cfg 2016/06/04 v1.11 sample graphics configuration
)
Package graphics Info: Driver file: pdftex.def on input line 107.

(/usr/share/texmf-dist/tex/latex/graphics-def/pdftex.def
File: pdftex.def 2020/10/05 v1.2a Graphics/color driver for pdftex
))
\Gin@req@height=\dimen147
\Gin@req@width=\dimen148
)
(/usr/share/texmf-dist/tex/generic/babel/babel.sty
Package: babel 2021/11/29 3.67 The Babel package
\babel@savecnt=\count194
\U@D=\dimen149
\l@unhyphenated=\language87

(/usr/share/texmf-dist/tex/generic/babel/txtbabel.def)
\bbl@readstream=\read2
\bbl@dirlevel=\count195

(/usr/share/texmf-dist/tex/generic/babel-french/french.ldf
Language: french 2021/07/20 v3.5m French support from the babel system
Package babel Info: Hyphen rules for 'acadian' set to \l@french
(babel)             (\language29). Reported on input line 91.
Package babel Info: Hyphen rules for 'canadien' set to \l@french
(babel)             (\language29). Reported on input line 92.
\FB@nonchar=\count196
Package babel Info: Making : an active character on input line 430.
Package babel Info: Making ; an active character on input line 431.
Package babel Info: Making ! an active character on input line 432.
Package babel Info: Making ? an active character on input line 433.
\FBguill@level=\count197
\FBold@everypar=\toks20
\FB@Mht=\dimen150
\mc@charclass=\count198
\mc@charfam=\count199
\mc@charslot=\count266
\std@mcc=\count267
\dec@mcc=\count268
\listindentFB=\dimen151
\descindentFB=\dimen152
\labelindentFB=\dimen153
\labelwidthFB=\dimen154
\leftmarginFB=\dimen155
\parindentFFN=\dimen156
\FBfnindent=\dimen157
))
(/usr/share/texmf-dist/tex/latex/carlisle/scalefnt.sty)
(/usr/share/texmf-dist/tex/latex/xcolor/xcolor.sty
Package: xcolor 2021/10/31 v2.13 LaTeX color extensions (UK)

(/usr/share/texmf-dist/tex/latex/graphics-cfg/color.cfg
File: color.cfg 2016/01/02 v1.6 sample color configuration
)
Package xcolor Info: Driver file: pdftex.def on input line 227.
Package xcolor Info: Model `cmy' substituted by `cmy0' on input line 1352.
Package xcolor Info: Model `hsb' substituted by `rgb' on input line 1356.
Package xcolor Info: Model `RGB' extended on input line 1368.
Package xcolor Info: Model `HTML' substituted by `rgb' on input line 1370.
Package xcolor Info: Model `Hsb' substituted by `hsb' on input line 1371.
Package xcolor Info: Model `tHsb' substituted by `hsb' on input line 1372.
Package xcolor Info: Model `HSB' substituted by `hsb' on input line 1373.
Package xcolor Info: Model `Gray' substituted by `gray' on input line 1374.
Package xcolor Info: Model `wave' substituted by `hsb' on input line 1375.
)
(/usr/share/texmf-dist/tex/latex/listings/listings.sty
\lst@mode=\count269
\lst@gtempboxa=\box50
\lst@token=\toks21
\lst@length=\count270
\lst@currlwidth=\dimen158
\lst@column=\count271
\lst@pos=\count272
\lst@lostspace=\dimen159
\lst@width=\dimen160
\lst@newlines=\count273
\lst@lineno=\count274
\lst@maxwidth=\dimen161

(/usr/share/texmf-dist/tex/latex/listings/lstmisc.sty
File: lstmisc.sty 2020/03/24 1.8d (Carsten Heinz)
\c@lstnumber=\count275
\lst@skipnumbers=\count276
\lst@framebox=\box51
)
(/usr/share/texmf-dist/tex/latex/listings/listings.cfg
File: listings.cfg 2020/03/24 1.8d listings configuration
))
Package: listings 2020/03/24 1.8d (Carsten Heinz)

(/usr/share/texmf-dist/tex/latex/enumitem/enumitem.sty
Package: enumitem 2019/06/20 v3.9 Customized lists
\labelindent=\skip49
\enit@outerparindent=\dimen162
\enit@toks=\toks22
\enit@inbox=\box52
\enit@count@id=\count277
\enitdp@description=\count278
)
(/usr/share/texmf-dist/tex/latex/float/float.sty
Package: float 2001/11/08 v1.3d Float enhancements (AL)
\c@float@type=\count279
\float@exts=\toks23
\float@box=\box53
\@float@everytoks=\toks24
\@floatcapt=\box54
)
(/usr/share/texmf-dist/tex/latex/appendix/appendix.sty
Package: appendix 2020/02/08 v1.2c extra appendix facilities
\c@@pps=\count280
\c@@ppsavesec=\count281
\c@@ppsaveapp=\count282
)
(/usr/share/texmf-dist/tex/latex/parskip/parskip.sty
Package: parskip 2021-03-14 v2.0h non-zero parskip adjustments

(/usr/share/texmf-dist/tex/latex/kvoptions/kvoptions.sty
Package: kvoptions 2020-10-07 v3.14 Key value format for package options (HO)

(/usr/share/texmf-dist/tex/generic/ltxcmds/ltxcmds.sty
Package: ltxcmds 2020-05-10 v1.25 LaTeX kernel commands for general use (HO)
)
(/usr/share/texmf-dist/tex/generic/kvsetkeys/kvsetkeys.sty
Package: kvsetkeys 2019/12/15 v1.18 Key value parser (HO)
))
(/usr/share/texmf-dist/tex/latex/etoolbox/etoolbox.sty
Package: etoolbox 2020/10/05 v2.5k e-TeX tools for LaTeX (JAW)
\etb@tempcnta=\count283
))
(/usr/share/texmf-dist/tex/latex/tools/tabularx.sty
Package: tabularx 2020/01/15 v2.11c `tabularx' package (DPC)

(/usr/share/texmf-dist/tex/latex/tools/array.sty
Package: array 2021/10/04 v2.5f Tabular extension package (FMi)
\col@sep=\dimen163
\ar@mcellbox=\box55
\extrarowheight=\dimen164
\NC@list=\toks25
\extratabsurround=\skip50
\backup@length=\skip51
\ar@cellbox=\box56
)
\TX@col@width=\dimen165
\TX@old@table=\dimen166
\TX@old@col=\dimen167
\TX@target=\dimen168
\TX@delta=\dimen169
\TX@cols=\count284
\TX@ftn=\toks26
)
(/usr/share/texmf-dist/tex/latex/amsfonts/amssymb.sty
Package: amssymb 2013/01/14 v3.01 AMS font symbols

(/usr/share/texmf-dist/tex/latex/amsfonts/amsfonts.sty
Package: amsfonts 2013/01/14 v3.01 Basic AMSFonts support
\@emptytoks=\toks27
\symAMSa=\mathgroup4
\symAMSb=\mathgroup5
LaTeX Font Info:    Redeclaring math symbol \hbar on input line 98.
LaTeX Font Info:    Overwriting math alphabet `\mathfrak' in version `bold'
(Font)                  U/euf/m/n --> U/euf/b/n on input line 106.
))
(/usr/share/texmf-dist/tex/latex/tools/bm.sty
Package: bm 2021/04/25 v1.2e Bold Symbol Support (DPC/FMi)
\symboldoperators=\mathgroup6
\symboldletters=\mathgroup7
\symboldsymbols=\mathgroup8
Package bm Info: No bold for \OMX/cmex/m/n, using \pmb.
Package bm Info: No bold for \U/msa/m/n, using \pmb.
Package bm Info: No bold for \U/msb/m/n, using \pmb.
LaTeX Font Info:    Redeclaring math alphabet \mathbf on input line 149.
)
(/usr/share/texmf-dist/tex/latex/caption/subcaption.sty
Package: subcaption 2020/10/07 v1.3j Sub-captions (AR)

(/usr/share/texmf-dist/tex/latex/caption/caption.sty
Package: caption 2020/10/26 v3.5g Customizing captions (AR)

(/usr/share/texmf-dist/tex/latex/caption/caption3.sty
Package: caption3 2020/10/21 v2.2e caption3 kernel (AR)
\captionmargin=\dimen170
\captionmargin@=\dimen171
\captionwidth=\dimen172
\caption@tempdima=\dimen173
\caption@indent=\dimen174
\caption@parindent=\dimen175
\caption@hangindent=\dimen176
Package caption Info: Standard document class detected.
Package caption Info: french babel package is loaded.
)
\c@caption@flags=\count285
\c@continuedfloat=\count286
Package caption Info: float package is loaded.
Package caption Info: listings package is loaded.
)
\c@subfigure=\count287
\c@subtable=\count288
)
(/usr/share/texmf-dist/tex/latex/listings/lstlang1.sty
File: lstlang1.sty 2020/03/24 1.8d listings language file
))
(/usr/share/texmf-dist/tex/latex/l3backend/l3backend-pdftex.def
File: l3backend-pdftex.def 2021-12-14 L3 backend support: PDF output (pdfTeX)
\l__color_backend_stack_int=\count289
\l__pdf_internal_box=\box57
) (./rapport.aux)
\openout1 = `rapport.aux'.

LaTeX Font Info:    Checking defaults for OML/cmm/m/it on input line 9.
LaTeX Font Info:    ... okay on input line 9.
LaTeX Font Info:    Checking defaults for OMS/cmsy/m/n on input line 9.
LaTeX Font Info:    ... okay on input line 9.
LaTeX Font Info:    Checking defaults for OT1/cmr/m/n on input line 9.
LaTeX Font Info:    ... okay on input line 9.
LaTeX Font Info:    Checking defaults for T1/cmr/m/n on input line 9.
LaTeX Font Info:    ... okay on input line 9.
LaTeX Font Info:    Checking defaults for TS1/cmr/m/n on input line 9.
LaTeX Font Info:    ... okay on input line 9.
LaTeX Font Info:    Checking defaults for OMX/cmex/m/n on input line 9.
LaTeX Font Info:    ... okay on input line 9.
LaTeX Font Info:    Checking defaults for U/cmr/m/n on input line 9.
LaTeX Font Info:    ... okay on input line 9.

*geometry* driver: auto-detecting
*geometry* detected driver: pdftex
*geometry* verbose mode - [ preamble ] result:
* driver: pdftex
* paper: a4paper
* layout: <same size as paper>
* layoutoffset:(h,v)=(0.0pt,0.0pt)
* modes: 
* h-part:(L,W,R)=(44.81126pt, 507.88533pt, 44.81128pt)
* v-part:(T,H,B)=(50.70074pt, 718.29497pt, 76.05113pt)
* \paperwidth=597.50787pt
* \paperheight=845.04684pt
* \textwidth=507.88533pt
* \textheight=718.29497pt
* \oddsidemargin=-27.45872pt
* \evensidemargin=-27.45872pt
* \topmargin=-58.56924pt
* \headheight=12.0pt
* \headsep=25.0pt
* \topskip=12.0pt
* \footskip=30.0pt
* \marginparwidth=35.0pt
* \marginparsep=10.0pt
* \columnsep=10.0pt
* \skip\footins=10.8pt plus 4.0pt minus 2.0pt
* \hoffset=0.0pt
* \voffset=0.0pt
* \mag=1000
* \@twocolumnfalse
* \@twosidefalse
* \@mparswitchfalse
* \@reversemarginfalse
* (1in=72.27pt=25.4mm, 1cm=28.453pt)

(/usr/share/texmf-dist/tex/context/base/mkii/supp-pdf.mkii
[Loading MPS to PDF converter (version 2006.09.02).]
\scratchcounter=\count290
\scratchdimen=\dimen177
\scratchbox=\box58
\nofMPsegments=\count291
\nofMParguments=\count292
\everyMPshowfont=\toks28
\MPscratchCnt=\count293
\MPscratchDim=\dimen178
\MPnumerator=\count294
\makeMPintoPDFobject=\count295
\everyMPtoPDFconversion=\toks29
) (/usr/share/texmf-dist/tex/latex/epstopdf-pkg/epstopdf-base.sty
Package: epstopdf-base 2020-01-24 v2.11 Base part for package epstopdf
Package epstopdf-base Info: Redefining graphics rule for `.eps' on input line 4
85.

(/usr/share/texmf-dist/tex/latex/latexconfig/epstopdf-sys.cfg
File: epstopdf-sys.cfg 2010/07/13 v1.3 Configuration of (r)epstopdf for TeX Liv
e
))
LaTeX Info: Redefining \degres on input line 9.
Package french.ldf Info: Setting StandardItemizeEnv=true for
(french.ldf)             compatibility with enumitem package,
(french.ldf)             reported on input line 9.
Package french.ldf Info: Setting StandardEnumerateEnv=true for
(french.ldf)             compatibility with enumitem package,
(french.ldf)             reported on input line 9.
LaTeX Info: Redefining \up on input line 9.
\c@lstlisting=\count296
Package caption Info: Begin \AtBeginDocument code.
Package caption Info: End \AtBeginDocument code.
LaTeX Font Info:    Trying to load font information for U+msa on input line 11.


(/usr/share/texmf-dist/tex/latex/amsfonts/umsa.fd
File: umsa.fd 2013/01/14 v3.01 AMS symbols A
)
LaTeX Font Info:    Trying to load font information for U+msb on input line 11.


(/usr/share/texmf-dist/tex/latex/amsfonts/umsb.fd
File: umsb.fd 2013/01/14 v3.01 AMS symbols B
) [1

{/var/lib/texmf/fonts/map/pdftex/updmap/pdftex.map}]
<images//temporelle.png, id=8, 421.575pt x 316.18124pt>
File: images//temporelle.png Graphic file (type png)
<use images//temporelle.png>
Package pdftex.def Info: images//temporelle.png  used on input line 42.
(pdftex.def)             Requested size: 152.36714pt x 114.27383pt.
<images//frequence.png, id=9, 421.575pt x 316.18124pt>
File: images//frequence.png Graphic file (type png)
<use images//frequence.png>
Package pdftex.def Info: images//frequence.png  used on input line 49.
(pdftex.def)             Requested size: 167.60478pt x 125.70316pt.

Overfull \hbox (15.23764pt too wide) in paragraph at lines 49--49
 [][] 
 []

<images//temps_frequence.png, id=10, 421.575pt x 316.18124pt>
File: images//temps_frequence.png Graphic file (type png)
<use images//temps_frequence.png>
Package pdftex.def Info: images//temps_frequence.png  used on input line 56.
(pdftex.def)             Requested size: 182.8401pt x 137.13246pt.

Overfull \hbox (30.47296pt too wide) in paragraph at lines 56--56
 [][] 
 []

<images//temporelle_18.png, id=11, 421.575pt x 316.18124pt>
File: images//temporelle_18.png Graphic file (type png)
<use images//temporelle_18.png>
Package pdftex.def Info: images//temporelle_18.png  used on input line 75.
(pdftex.def)             Requested size: 152.36714pt x 114.27383pt.
<images//frequence_18.png, id=12, 421.575pt x 316.18124pt>
File: images//frequence_18.png Graphic file (type png)
<use images//frequence_18.png>
Package pdftex.def Info: images//frequence_18.png  used on input line 82.
(pdftex.def)             Requested size: 167.60478pt x 125.70316pt.

Overfull \hbox (15.23764pt too wide) in paragraph at lines 82--82
 [][] 
 []

<images//temps_frequence_18.png, id=13, 421.575pt x 316.18124pt>
File: images//temps_frequence_18.png Graphic file (type png)
<use images//temps_frequence_18.png>
Package pdftex.def Info: images//temps_frequence_18.png  used on input line 89.

(pdftex.def)             Requested size: 182.8401pt x 137.13246pt.

Overfull \hbox (30.47296pt too wide) in paragraph at lines 89--89
 [][] 
 []

[1 <./images//temporelle.png (PNG copy)> <./images//frequence.png (PNG copy)> <
./images//temps_frequence.png (PNG copy)>]
<images//pca_participation.png, id=21, 356.0803pt x 255.20343pt>
File: images//pca_participation.png Graphic file (type png)
<use images//pca_participation.png>
Package pdftex.def Info: images//pca_participation.png  used on input line 116.

(pdftex.def)             Requested size: 253.94266pt x 182.00177pt.
<images//cercle.png, id=23, 257.46187pt x 291.33844pt>
File: images//cercle.png Graphic file (type png)
<use images//cercle.png>
Package pdftex.def Info: images//cercle.png  used on input line 125.
(pdftex.def)             Requested size: 152.36714pt x 172.41719pt.
 [2 <./images//temporelle_18.png (PNG copy)> <./images//frequence_18.png (PNG c
opy)> <./images//temps_frequence_18.png (PNG copy)> <./images/pca_participation
.PNG>]
<images//squared_cosines.png, id=29, 409.53pt x 109.91063pt>
File: images//squared_cosines.png Graphic file (type png)
<use images//squared_cosines.png>
Package pdftex.def Info: images//squared_cosines.png  used on input line 131.
(pdftex.def)             Requested size: 253.94266pt x 68.15561pt.
<images//biplot.png, id=30, 411.03563pt x 290.58563pt>
File: images//biplot.png Graphic file (type png)
<use images//biplot.png>
Package pdftex.def Info: images//biplot.png  used on input line 144.
(pdftex.def)             Requested size: 355.51817pt x 251.33537pt.
 [3 <./images//cercle.png> <./images/squared_cosines.PNG> <./images/biplot.PNG>
]
LaTeX Font Info:    Trying to load font information for T1+cmtt on input line 1
72.

(/usr/share/texmf-dist/tex/latex/base/t1cmtt.fd
File: t1cmtt.fd 2019/12/16 v2.5j Standard LaTeX font definitions
)
LaTeX Font Info:    Trying to load font information for TS1+cmtt on input line 
200.

(/usr/share/texmf-dist/tex/latex/base/ts1cmtt.fd
File: ts1cmtt.fd 2019/12/16 v2.5j Standard LaTeX font definitions
)
<images//corr.png, id=37, 1030.60031pt x 302.63063pt>
File: images//corr.png Graphic file (type png)
<use images//corr.png>
Package pdftex.def Info: images//corr.png  used on input line 209.
(pdftex.def)             Requested size: 507.88533pt x 149.13535pt.
 [4] [5 <./images//corr.png>]
<images//biplotNous.png, id=49, 522.45187pt x 409.53pt>
File: images//biplotNous.png Graphic file (type png)
<use images//biplotNous.png>
Package pdftex.def Info: images//biplotNous.png  used on input line 255.
(pdftex.def)             Requested size: 355.51817pt x 278.68292pt.
<images//intensite.png, id=50, 327.47343pt x 253.69781pt>
File: images//intensite.png Graphic file (type png)
<use images//intensite.png>
Package pdftex.def Info: images//intensite.png  used on input line 266.
(pdftex.def)             Requested size: 253.94266pt x 196.73376pt.
<images//attaquant.png, id=51, 326.72063pt x 253.69781pt>
File: images//attaquant.png Graphic file (type png)
<use images//attaquant.png>
Package pdftex.def Info: images//attaquant.png  used on input line 272.
(pdftex.def)             Requested size: 253.94266pt x 197.18282pt.

[6 <./images/biplotNous.PNG> <./images//intensite.png>]
<images//dettonant.png, id=58, 325.215pt x 255.95625pt>
File: images//dettonant.png Graphic file (type png)
<use images//dettonant.png>
Package pdftex.def Info: images//dettonant.png  used on input line 278.
(pdftex.def)             Requested size: 253.94266pt x 199.86768pt.
<images//eloignement.png, id=59, 327.47343pt x 254.45062pt>
File: images//eloignement.png Graphic file (type png)
<use images//eloignement.png>
Package pdftex.def Info: images//eloignement.png  used on input line 284.
(pdftex.def)             Requested size: 253.94266pt x 197.31755pt.
<images//panel.png, id=60, 376.40625pt x 289.83281pt>
File: images//panel.png Graphic file (type png)
<use images//panel.png>
Package pdftex.def Info: images//panel.png  used on input line 290.
(pdftex.def)             Requested size: 253.94266pt x 195.54024pt.
 [7 <./images/attaquant.PNG> <./images//dettonant.png> <./images//eloignement.p
ng>]
<images//corr2.png, id=67, 435.12563pt x 127.97812pt>
File: images//corr2.png Graphic file (type png)
<use images//corr2.png>
Package pdftex.def Info: images//corr2.png  used on input line 298.
(pdftex.def)             Requested size: 355.51817pt x 104.56975pt.
<images//regression.png, id=68, 328.22626pt x 254.45062pt>
File: images//regression.png Graphic file (type png)
<use images//regression.png>
Package pdftex.def Info: images//regression.png  used on input line 308.
(pdftex.def)             Requested size: 253.94266pt x 196.86717pt.
<images//regression_moi.png, id=69, 326.72063pt x 254.45062pt>
File: images//regression_moi.png Graphic file (type png)
<use images//regression_moi.png>
Package pdftex.def Info: images//regression_moi.png  used on input line 314.
(pdftex.def)             Requested size: 253.94266pt x 197.76793pt.
 [8 <./images//panel.png> <./images//corr2.png> <./images//regression.png>] [9 
<./images/regression_moi.PNG>] (./rapport.aux) ) 
Here is how much of TeX's memory you used:
 9334 strings out of 478353
 149728 string characters out of 5854636
 652839 words of memory out of 5000000
 27338 multiletter control sequences out of 15000+600000
 422883 words of font info for 84 fonts, out of 8000000 for 9000
 1141 hyphenation exceptions out of 8191
 82i,9n,91p,581b,454s stack positions out of 5000i,500n,10000p,200000b,80000s
{/usr/share/texmf-dist/fonts/en
c/dvips/cm-super/cm-super-ts1.enc}{/usr/share/texmf-dist/fonts/enc/dvips/cm-sup
er/cm-super-t1.enc}</usr/share/texmf-dist/fonts/type1/public/amsfonts/cm/cmmi12
.pfb></usr/share/texmf-dist/fonts/type1/public/amsfonts/cm/cmmi8.pfb></usr/shar
e/texmf-dist/fonts/type1/public/amsfonts/cm/cmr12.pfb></usr/share/texmf-dist/fo
nts/type1/public/amsfonts/cm/cmr8.pfb></usr/share/texmf-dist/fonts/type1/public
/cm-super/sfbx1200.pfb></usr/share/texmf-dist/fonts/type1/public/cm-super/sfbx1
728.pfb></usr/share/texmf-dist/fonts/type1/public/cm-super/sfcc1200.pfb></usr/s
hare/texmf-dist/fonts/type1/public/cm-super/sfrm1095.pfb></usr/share/texmf-dist
/fonts/type1/public/cm-super/sfrm1200.pfb></usr/share/texmf-dist/fonts/type1/pu
blic/cm-super/sfrm1440.pfb></usr/share/texmf-dist/fonts/type1/public/cm-super/s
frm2074.pfb></usr/share/texmf-dist/fonts/type1/public/cm-super/sftt1200.pfb>
Output written on rapport.pdf (10 pages, 473859 bytes).
PDF statistics:
 137 PDF objects out of 1000 (max. 8388607)
 65 compressed objects within 1 object stream
 0 named destinations out of 1000 (max. 500000)
 101 words of extra memory for PDF output out of 10000 (max. 10000000)

